<?xml version="1.0" encoding="UTF-8"?>
<!-- Generated by org.testng.reporters.JUnitReportReporter -->
<testsuite hostname="DESKTOP-U2SROOD" failures="0" tests="1" name="script.test2" time="4.404" errors="0" timestamp="2023-06-22T18:49:41 IST" skipped="0">
  <testcase classname="script.test2" name="test" time="4.404">
    <system-out>
      <![CDATA[test2....]]>
    </system-out>
  </testcase> <!-- test -->
  <system-out>
    <![CDATA[test1....
test2....
test3....]]>
  </system-out>
</testsuite> <!-- script.test2 -->
