<?xml version="1.0" encoding="UTF-8"?>
<!-- Generated by org.testng.reporters.JUnitReportReporter -->
<testsuite hostname="DESKTOP-U2SROOD" failures="0" tests="1" name="script.test1" time="16.923" errors="0" timestamp="2023-06-23T08:32:44 IST" skipped="0">
  <testcase classname="script.test1" name="test" time="16.923">
    <system-out>
      <![CDATA[bhanu
test1...]]>
    </system-out>
  </testcase> <!-- test -->
  <system-out>
    <![CDATA[bhanu
test1...]]>
  </system-out>
</testsuite> <!-- script.test1 -->
